2025-05-30 15:30:30 [  INFO  ] game_sys.core.encounter:55 | Hero deals 4 damage.
2025-05-30 15:30:30 [  INFO  ] game_sys.core.encounter:55 | Goblin deals 3 damage.
2025-05-30 15:30:30 [  INFO  ] game_sys.core.encounter:55 | Hero deals 5 damage.
2025-05-30 15:30:30 [  INFO  ] game_sys.core.encounter:55 | Goblin deals 3 damage.
2025-05-30 15:30:30 [  INFO  ] game_sys.core.encounter:55 | Hero deals 4 damage.
2025-05-30 15:30:30 [  INFO  ] game_sys.core.encounter:59 | Goblin has fallen!
2025-05-30 15:30:31 [  INFO  ] game_sys.core.encounter:55 | Hero deals 5 damage.
2025-05-30 15:30:31 [  INFO  ] game_sys.core.encounter:55 | Goblin deals 3 damage.
2025-05-30 15:30:31 [  INFO  ] game_sys.core.encounter:55 | Hero deals 5 damage.
2025-05-30 15:30:31 [  INFO  ] game_sys.core.encounter:55 | Goblin deals 3 damage.
2025-05-30 15:30:31 [  INFO  ] game_sys.core.encounter:55 | Hero deals 6 damage.
2025-05-30 15:30:31 [  INFO  ] game_sys.core.encounter:59 | Goblin has fallen!
2025-05-30 15:34:49 [  INFO  ] game_sys.core.encounter:55 | Hero deals 6 damage.
2025-05-30 15:34:49 [  INFO  ] game_sys.core.encounter:55 | Goblin deals 3 damage.
2025-05-30 15:34:49 [  INFO  ] game_sys.core.encounter:55 | Hero deals 8 damage. Critical Hit!
2025-05-30 15:34:49 [  INFO  ] game_sys.core.encounter:59 | Goblin has fallen!
2025-05-30 15:44:46 [  INFO  ] game_sys.core.encounter:55 | Hero deals 6 damage.
2025-05-30 15:44:46 [  INFO  ] game_sys.core.encounter:55 | Goblin deals 3 damage.
2025-05-30 15:44:46 [  INFO  ] game_sys.core.encounter:55 | Hero deals 6 damage.
2025-05-30 15:44:46 [  INFO  ] game_sys.core.encounter:59 | Goblin has fallen!
2025-05-30 15:45:34 [  INFO  ] game_sys.core.encounter:55 | Hero deals 5 damage.
2025-05-30 15:45:34 [  INFO  ] game_sys.core.encounter:55 | Goblin deals 5 damage. Critical Hit!
2025-05-30 15:45:34 [  INFO  ] game_sys.core.encounter:55 | Hero deals 4 damage.
2025-05-30 15:45:34 [  INFO  ] game_sys.core.encounter:55 | Goblin deals 3 damage.
2025-05-30 15:45:34 [  INFO  ] game_sys.core.encounter:55 | Hero deals 6 damage.
2025-05-30 15:45:34 [  INFO  ] game_sys.core.encounter:59 | Goblin has fallen!
2025-05-30 15:45:45 [  INFO  ] game_sys.core.encounter:55 | Hero deals 5 damage.
2025-05-30 15:45:45 [  INFO  ] game_sys.core.encounter:55 | Goblin deals 3 damage.
2025-05-30 15:45:45 [  INFO  ] game_sys.core.encounter:55 | Hero deals 6 damage.
2025-05-30 15:45:45 [  INFO  ] game_sys.core.encounter:55 | Goblin deals 3 damage.
2025-05-30 15:45:45 [  INFO  ] game_sys.core.encounter:55 | Hero deals 5 damage.
2025-05-30 15:45:45 [  INFO  ] game_sys.core.encounter:59 | Goblin has fallen!
2025-05-30 15:45:45 [ DEBUG  ] __main__:54 | Hero's Party wins!
2025-05-30 15:46:29 [ DEBUG  ] game_sys.core.encounter:55 | Hero deals 5 damage.
2025-05-30 15:46:29 [ DEBUG  ] game_sys.core.encounter:55 | Goblin deals 3 damage.
2025-05-30 15:46:29 [ DEBUG  ] game_sys.core.encounter:55 | Hero deals 5 damage.
2025-05-30 15:46:29 [ DEBUG  ] game_sys.core.encounter:55 | Goblin deals 3 damage.
2025-05-30 15:46:29 [ DEBUG  ] game_sys.core.encounter:55 | Hero deals 5 damage.
2025-05-30 15:46:29 [  INFO  ] game_sys.core.encounter:59 | Goblin has fallen!
2025-05-30 15:46:29 [ DEBUG  ] __main__:54 | Hero's Party wins!
2025-05-30 15:46:47 [ DEBUG  ] game_sys.core.encounter:55 | Hero deals 4 damage.
2025-05-30 15:46:47 [ DEBUG  ] game_sys.core.encounter:55 | Goblin deals 3 damage.
2025-05-30 15:46:47 [ DEBUG  ] game_sys.core.encounter:55 | Hero deals 5 damage.
2025-05-30 15:46:47 [ DEBUG  ] game_sys.core.encounter:55 | Goblin deals 3 damage.
2025-05-30 15:46:47 [ DEBUG  ] game_sys.core.encounter:55 | Hero deals 6 damage.
2025-05-30 15:46:47 [ DEBUG  ] game_sys.core.encounter:59 | Goblin has fallen!
2025-05-30 15:46:47 [ DEBUG  ] __main__:54 | Hero's Party wins!
2025-05-30 15:46:55 [ DEBUG  ] game_sys.core.encounter:55 | Hero deals 6 damage.
2025-05-30 15:46:55 [ DEBUG  ] game_sys.core.encounter:55 | Goblin deals 5 damage. Critical Hit!
2025-05-30 15:46:55 [ DEBUG  ] game_sys.core.encounter:55 | Hero deals 6 damage.
2025-05-30 15:46:55 [ DEBUG  ] game_sys.core.encounter:59 | Goblin has fallen!
2025-05-30 15:47:19 [ DEBUG  ] game_sys.core.encounter:55 | Hero deals 5 damage.
2025-05-30 15:47:19 [ DEBUG  ] game_sys.core.encounter:55 | Goblin deals 3 damage.
2025-05-30 15:47:19 [ DEBUG  ] game_sys.core.encounter:55 | Hero deals 5 damage.
2025-05-30 15:47:19 [ DEBUG  ] game_sys.core.encounter:55 | Goblin deals 3 damage.
2025-05-30 15:47:19 [ DEBUG  ] game_sys.core.encounter:55 | Hero deals 11 damage. Critical Hit!
2025-05-30 15:47:19 [ DEBUG  ] game_sys.core.encounter:59 | Goblin has fallen!
2025-05-30 15:47:32 [ DEBUG  ] game_sys.core.encounter:55 | Hero deals 5 damage.
2025-05-30 15:47:32 [ DEBUG  ] game_sys.core.encounter:55 | Goblin deals 3 damage.
2025-05-30 15:47:32 [ DEBUG  ] game_sys.core.encounter:55 | Hero deals 4 damage.
2025-05-30 15:47:32 [ DEBUG  ] game_sys.core.encounter:55 | Goblin deals 2 damage.
2025-05-30 15:47:32 [ DEBUG  ] game_sys.core.encounter:55 | Hero deals 5 damage.
2025-05-30 15:47:32 [ DEBUG  ] game_sys.core.encounter:59 | Goblin has fallen!
2025-05-30 15:47:32 [  INFO  ] __main__:54 | Hero's Party wins!
2025-05-30 15:48:49 [  INFO  ] game_sys.core.encounter:55 | Hero deals 6 damage.
2025-05-30 15:48:49 [  INFO  ] game_sys.core.encounter:55 | Goblin deals 2 damage.
2025-05-30 15:48:49 [  INFO  ] game_sys.core.encounter:55 | Hero deals 5 damage.
2025-05-30 15:48:49 [  INFO  ] game_sys.core.encounter:55 | Goblin deals 3 damage.
2025-05-30 15:48:49 [  INFO  ] game_sys.core.encounter:55 | Hero deals 4 damage.
2025-05-30 15:48:49 [  INFO  ] game_sys.core.encounter:59 | Goblin has fallen!
2025-05-30 15:49:31 [  INFO  ] game_sys.core.encounter:55 | Hero deals 4 damage.
2025-05-30 15:49:31 [  INFO  ] game_sys.core.encounter:55 | Goblin deals 3 damage.
2025-05-30 15:49:31 [  INFO  ] game_sys.core.encounter:55 | Hero deals 5 damage.
2025-05-30 15:49:31 [  INFO  ] game_sys.core.encounter:55 | Goblin deals 3 damage.
2025-05-30 15:49:31 [  INFO  ] game_sys.core.encounter:55 | Hero deals 5 damage.
2025-05-30 15:49:31 [  INFO  ] game_sys.core.encounter:59 | Goblin has fallen!
2025-05-30 15:50:44 [  INFO  ] game_sys.core.encounter:55 | Hero deals 6 damage.
2025-05-30 15:50:44 [  INFO  ] game_sys.core.encounter:55 | Goblin deals 3 damage.
2025-05-30 15:50:44 [  INFO  ] game_sys.core.encounter:55 | Hero deals 5 damage.
2025-05-30 15:50:44 [  INFO  ] game_sys.core.encounter:55 | Goblin deals 3 damage.
2025-05-30 15:50:44 [  INFO  ] game_sys.core.encounter:55 | Hero deals 5 damage.
2025-05-30 15:50:44 [  INFO  ] game_sys.core.encounter:59 | Goblin has fallen!
2025-05-30 15:50:44 [ DEBUG  ] __main__:16 | Combat result: Hero's Party wins!
2025-05-30 15:50:53 [  INFO  ] game_sys.core.encounter:55 | Hero deals 5 damage.
2025-05-30 15:50:53 [  INFO  ] game_sys.core.encounter:55 | Goblin deals 3 damage.
2025-05-30 15:50:53 [  INFO  ] game_sys.core.encounter:55 | Hero deals 5 damage.
2025-05-30 15:50:53 [  INFO  ] game_sys.core.encounter:55 | Goblin deals 5 damage. Critical Hit!
2025-05-30 15:50:53 [  INFO  ] game_sys.core.encounter:55 | Hero deals 4 damage.
2025-05-30 15:50:53 [  INFO  ] game_sys.core.encounter:59 | Goblin has fallen!
2025-05-30 15:50:53 [  INFO  ] __main__:16 | Combat result: Hero's Party wins!
2025-05-30 15:51:25 [  INFO  ] game_sys.core.encounter:55 | Hero deals 6 damage.
2025-05-30 15:51:25 [  INFO  ] game_sys.core.encounter:55 | Goblin deals 3 damage.
2025-05-30 15:51:25 [  INFO  ] game_sys.core.encounter:55 | Hero deals 5 damage.
2025-05-30 15:51:25 [  INFO  ] game_sys.core.encounter:55 | Goblin deals 3 damage.
2025-05-30 15:51:25 [  INFO  ] game_sys.core.encounter:55 | Hero deals 5 damage.
2025-05-30 15:51:25 [  INFO  ] game_sys.core.encounter:59 | Goblin has fallen!
2025-05-30 15:51:25 [  INFO  ] __main__:16 | 
Combat result: Hero's Party wins!
2025-05-30 15:51:38 [  INFO  ] game_sys.core.encounter:55 | Hero deals 5 damage.
2025-05-30 15:51:38 [  INFO  ] game_sys.core.encounter:55 | Goblin deals 3 damage.
2025-05-30 15:51:38 [  INFO  ] game_sys.core.encounter:55 | Hero deals 4 damage.
2025-05-30 15:51:38 [  INFO  ] game_sys.core.encounter:55 | Goblin deals 3 damage.
2025-05-30 15:51:38 [  INFO  ] game_sys.core.encounter:55 | Hero deals 5 damage.
2025-05-30 15:51:38 [  INFO  ] game_sys.core.encounter:59 | Goblin has fallen!
2025-05-30 15:51:38 [  INFO  ] __main__:16 | 
Combat result: 
Hero's Party wins!
2025-05-30 15:52:06 [  INFO  ] __main__:21 | Character: Hero
Level: 1  Experience: 0
Class: Knight
--------------------
Attack: 14
Defense: 9
Speed: 3
Health: 10/10
Mana: 2/2
Stamina: 5/5
--------------------
Inventory:
Empty
2025-05-30 16:00:14 [  INFO  ] __main__:21 | Character: Hero
Level: 1  Experience: 0
Class: Knight
--------------------
Attack: 13
Defense: 9
Speed: 3
Health: 10/10
Mana: 2/2
Stamina: 5/5
--------------------
Inventory:
Empty
2025-05-30 16:00:29 [  INFO  ] game_sys.core.encounter:55 | Hero deals 4 damage.
2025-05-30 16:00:29 [  INFO  ] game_sys.core.encounter:55 | Goblin deals 2 damage.
2025-05-30 16:00:29 [  INFO  ] game_sys.core.encounter:55 | Hero deals 8 damage. Critical Hit!
2025-05-30 16:00:29 [  INFO  ] game_sys.core.encounter:59 | Goblin has fallen!
2025-05-30 16:00:29 [  INFO  ] __main__:16 | 
Combat result: 
Hero's Party wins!
2025-05-30 16:06:25 [  INFO  ] game_sys.core.actor:96 | Aria takes 10 damage, health now 0/10
2025-05-30 16:06:25 [  INFO  ] game_sys.core.actor:98 | Aria has been defeated!
2025-05-30 16:06:25 [  INFO  ] __main__:47 | Before potion: HP = 0/10
2025-05-30 16:06:25 [  INFO  ] __main__:49 | After potion:  HP = 10/10
2025-05-30 16:06:25 [  INFO  ] __main__:52 | Character: Aria
Level: 1  Experience: 0
Class: Base
--------------------
Attack: 8
Defense: 8
Speed: 4
Health: 10/10
Mana: 10/10
Stamina: 15/15
--------------------
Inventory:
Health Potion (x1)
2025-05-30 16:07:24 [  INFO  ] game_sys.core.actor:96 | Aria takes 10 damage, health now 0/10
2025-05-30 16:07:24 [  INFO  ] game_sys.core.actor:98 | Aria has been defeated!
2025-05-30 16:07:24 [  INFO  ] __main__:47 | Before potion: HP = 0/10
2025-05-30 16:07:24 [  INFO  ] __main__:49 | After potion:  HP = 10/10
2025-05-30 16:07:24 [  INFO  ] __main__:52 | Character: Aria
Level: 1  Experience: 0
Class: Base
--------------------
Attack: 8
Defense: 8
Speed: 4
Health: 10/10
Mana: 10/10
Stamina: 15/15
--------------------
Inventory:
Health Potion (x1)
2025-05-30 16:08:15 [  INFO  ] game_sys.core.actor:96 | Aria takes 10 damage, health now 0/10
2025-05-30 16:08:15 [  INFO  ] game_sys.core.actor:98 | Aria has been defeated!
2025-05-30 16:08:15 [  INFO  ] __main__:47 | Before potion: HP = 0/10
2025-05-30 16:08:15 [  INFO  ] __main__:49 | After potion:  HP = 10/10
2025-05-30 16:08:15 [  INFO  ] __main__:52 | Character: Aria
Level: 1  Experience: 0
Class: Base
--------------------
Attack: 8
Defense: 8
Speed: 4
Health: 10/10
Mana: 10/10
Stamina: 15/15
--------------------
Inventory:
Health Potion (x1)
2025-05-30 16:08:19 [  INFO  ] game_sys.core.actor:96 | Aria takes 10 damage, health now 0/10
2025-05-30 16:08:19 [  INFO  ] game_sys.core.actor:98 | Aria has been defeated!
2025-05-30 16:08:19 [  INFO  ] __main__:47 | Before potion: HP = 0/10
2025-05-30 16:08:19 [  INFO  ] __main__:49 | After potion:  HP = 10/10
2025-05-30 16:08:19 [  INFO  ] __main__:52 | Character: Aria
Level: 1  Experience: 0
Class: Base
--------------------
Attack: 9
Defense: 8
Speed: 4
Health: 10/10
Mana: 10/10
Stamina: 15/15
--------------------
Inventory:
Health Potion (x1)
2025-05-30 16:08:30 [  INFO  ] game_sys.core.actor:96 | Aria takes 10 damage, health now 0/10
2025-05-30 16:08:30 [  INFO  ] game_sys.core.actor:98 | Aria has been defeated!
2025-05-30 16:08:30 [  INFO  ] __main__:47 | Before potion: HP = 0/10
2025-05-30 16:08:30 [  INFO  ] __main__:49 | After potion:  HP = 10/10
2025-05-30 16:08:30 [  INFO  ] __main__:52 | Character: Aria
Level: 1  Experience: 0
Class: Base
--------------------
Attack: 11
Defense: 26
Speed: 4
Health: 10/10
Mana: 10/10
Stamina: 15/15
--------------------
Inventory:
Health Potion (x1)
2025-05-30 16:34:17 [  INFO  ] game_sys.core.actor:96 | Aria takes 10 damage, health now 0/10
2025-05-30 16:34:17 [  INFO  ] game_sys.core.actor:98 | Aria has been defeated!
2025-05-30 16:34:17 [  INFO  ] __main__:47 | Before potion: HP = 0/10
2025-05-30 16:34:17 [  INFO  ] __main__:49 | After potion:  HP = 0/10
2025-05-30 16:34:17 [  INFO  ] __main__:52 | Character: Aria
Level: 1  Experience: 0
Class: Base
--------------------
Attack: 8
Defense: 8
Speed: 4
Health: 0/10
Mana: 10/10
Stamina: 15/15
--------------------
<game_sys.core.inventory.inventory_functions.Inventory object at 0x0000025BB8D038C0>
2025-05-30 16:35:32 [  INFO  ] game_sys.core.actor:96 | Aria takes 5 damage, health now 5/10
2025-05-30 16:35:32 [  INFO  ] __main__:47 | Before potion: HP = 5/10
2025-05-30 16:35:32 [  INFO  ] __main__:49 | After potion:  HP = 5/10
2025-05-30 16:35:32 [  INFO  ] __main__:52 | Character: Aria
Level: 1  Experience: 0
Class: Base
--------------------
Attack: 11
Defense: 8
Speed: 4
Health: 5/10
Mana: 10/10
Stamina: 15/15
--------------------
<game_sys.core.inventory.inventory_functions.Inventory object at 0x00000268A1E438C0>
2025-05-30 16:37:20 [  INFO  ] game_sys.core.actor:96 | Aria takes 5 damage, health now 5/10
2025-05-30 16:37:20 [  INFO  ] __main__:47 | Before potion: HP = 5/10
2025-05-30 16:37:20 [  INFO  ] __main__:49 | After potion:  HP = 5/10
2025-05-30 16:37:20 [  INFO  ] __main__:52 | Character: Aria
Level: 1  Experience: 0
Class: Base
--------------------
Attack: 9
Defense: 8
Speed: 4
Health: 5/10
Mana: 10/10
Stamina: 15/15
--------------------
<game_sys.core.inventory.inventory_functions.Inventory object at 0x0000022AAE5638C0>
2025-05-30 16:37:36 [  INFO  ] game_sys.core.actor:96 | Aria takes 5 damage, health now 5/10
2025-05-30 16:37:36 [  INFO  ] __main__:47 | Before potion: HP = 5/10
2025-05-30 16:37:36 [  INFO  ] __main__:49 | After potion:  HP = 5/10
2025-05-30 16:37:36 [  INFO  ] __main__:52 | Character: Aria
Level: 1  Experience: 0
Class: Base
--------------------
Attack: 9
Defense: 8
Speed: 4
Health: 5/10
Mana: 10/10
Stamina: 15/15
--------------------
<game_sys.core.inventory.inventory_functions.Inventory object at 0x00000277CC7638C0>
2025-05-30 16:38:23 [  INFO  ] game_sys.core.actor:96 | Aria takes 5 damage, health now 5/10
2025-05-30 16:38:23 [  INFO  ] __main__:47 | Before potion: HP = 5/10
2025-05-30 16:38:23 [  INFO  ] __main__:49 | After potion:  HP = 5/10
2025-05-30 16:38:23 [  INFO  ] __main__:52 | Character: Aria
Level: 1  Experience: 0
Class: Base
--------------------
Attack: 8
Defense: 8
Speed: 4
Health: 5/10
Mana: 10/10
Stamina: 15/15
--------------------
Aria's Inventory:
  Iron Sword (x1)
    - Equipped in: weapon
  Leather Armor (x1)
    - Equipped in: armor
  Health Potion (x2)
  Emerald Loop (x1)
    - Equipped in: ring
2025-05-30 16:44:13 [  INFO  ] game_sys.core.actor:96 | Aria takes 5 damage, health now 5/10
2025-05-30 16:44:13 [  INFO  ] __main__:47 | Before potion: HP = 5/10
2025-05-30 16:44:34 [  INFO  ] game_sys.core.actor:96 | Aria takes 5 damage, health now 5/10
2025-05-30 16:44:34 [  INFO  ] __main__:47 | Before potion: HP = 5/10
2025-05-30 16:44:34 [  INFO  ] __main__:49 | After potion:  HP = 10/10
2025-05-30 16:44:34 [  INFO  ] __main__:52 | Character: Aria
Level: 1  Experience: 0
Class: Base
--------------------
Attack: 8
Defense: 8
Speed: 4
Health: 10/10
Mana: 10/10
Stamina: 15/15
--------------------
Aria's Inventory:
  Iron Sword (x1)
    - Equipped in: weapon
  Leather Armor (x1)
    - Equipped in: armor
  Health Potion (x1)
  Emerald Loop (x1)
    - Equipped in: ring
2025-05-30 16:45:06 [  INFO  ] game_sys.core.encounter:55 | Hero deals 6 damage.
2025-05-30 16:45:06 [  INFO  ] game_sys.core.encounter:55 | Goblin deals 3 damage.
2025-05-30 16:45:06 [  INFO  ] game_sys.core.encounter:55 | Hero deals 4 damage.
2025-05-30 16:45:06 [  INFO  ] game_sys.core.encounter:55 | Goblin deals 3 damage.
2025-05-30 16:45:06 [  INFO  ] game_sys.core.encounter:55 | Hero deals 4 damage.
2025-05-30 16:45:06 [  INFO  ] game_sys.core.encounter:59 | Goblin has fallen!
2025-05-30 16:45:06 [  INFO  ] __main__:16 | 
Combat result: 
Hero's Party wins!
2025-05-30 16:45:40 [  INFO  ] game_sys.core.encounter:55 | Hero deals 6 damage.
2025-05-30 16:45:40 [  INFO  ] game_sys.core.encounter:55 | Goblin deals 3 damage.
2025-05-30 16:45:40 [  INFO  ] game_sys.core.encounter:55 | Goblin deals 6 damage. Critical Hit!
2025-05-30 16:45:40 [  INFO  ] game_sys.core.encounter:55 | Hero deals 6 damage.
2025-05-30 16:45:40 [  INFO  ] game_sys.core.encounter:59 | Goblin has fallen!
2025-05-30 16:45:40 [  INFO  ] game_sys.core.encounter:55 | Hero deals 4 damage.
2025-05-30 16:45:40 [  INFO  ] game_sys.core.encounter:59 | Goblin has fallen!
2025-05-30 16:45:40 [  INFO  ] __main__:17 | 
Combat result: 
Hero's Party wins!
2025-05-30 17:02:40 [  INFO  ] game_sys.core.encounter:55 | Hero deals 5 damage.
2025-05-30 17:02:40 [  INFO  ] game_sys.core.encounter:55 | Goblin deals 6 damage. Critical Hit!
2025-05-30 17:02:40 [  INFO  ] game_sys.core.encounter:55 | Goblin deals 3 damage.
2025-05-30 17:02:40 [  INFO  ] game_sys.core.encounter:55 | Hero deals 5 damage.
2025-05-30 17:02:40 [  INFO  ] game_sys.core.encounter:55 | Goblin deals 3 damage.
2025-05-30 17:02:40 [  INFO  ] game_sys.core.encounter:59 | Hero has fallen!
2025-05-30 17:02:40 [  INFO  ] __main__:17 | 
Combat result: 
Enemies win!
2025-05-30 17:02:49 [  INFO  ] __main__:22 | Character: Hero
Level: 1  Experience: 0
Class: Knight
--------------------
Attack: 11
Defense: 9
Speed: 3
Health: 10/10
Mana: 2/2
Stamina: 5/5
--------------------
Hero's Inventory:
  Iron Sword (x1)
    - Equipped in: weapon
  Leather Armor (x1)
    - Equipped in: armor
  Ruby Band (x1)
    - Equipped in: ring
2025-05-30 17:03:13 [  INFO  ] __main__:48 | Before potion: HP = 5/10
2025-05-30 17:03:13 [  INFO  ] __main__:50 | After potion:  HP = 10/10
2025-05-30 17:03:13 [  INFO  ] __main__:53 | Character: Aria
Level: 1  Experience: 0
Class: Base
--------------------
Attack: 8
Defense: 8
Speed: 4
Health: 10/10
Mana: 10/10
Stamina: 15/15
--------------------
Aria's Inventory:
  Health Potion (x1)
  Emerald Loop (x1)
    - Equipped in: ring
2025-05-30 17:05:52 [  INFO  ] __main__:48 | Before potion: HP = 5/10
2025-05-30 17:05:52 [  INFO  ] __main__:50 | After potion:  HP = 10/10
2025-05-30 17:05:52 [  INFO  ] __main__:53 | Character: Aria
Level: 1  Experience: 0
Class: Base
--------------------
Attack: 9
Defense: 5
Speed: 4
Health: 10/10
Mana: 10/10
Stamina: 15/15
--------------------
Aria's Inventory:
  Health Potion (x2)
2025-05-30 17:06:05 [  INFO  ] __main__:48 | Before potion: HP = 5/10
2025-05-30 17:06:05 [  INFO  ] __main__:50 | After potion:  HP = 10/10
2025-05-30 17:06:05 [  INFO  ] __main__:53 | Character: Aria
Level: 1  Experience: 0
Class: Base
--------------------
Attack: 9
Defense: 5
Speed: 4
Health: 10/10
Mana: 10/10
Stamina: 15/15
--------------------
Aria's Inventory:
  Health Potion (x1)
  Iron Sword (x1)
    - Equipped in: weapon
2025-05-30 17:06:14 [  INFO  ] __main__:48 | Before potion: HP = 5/10
2025-05-30 17:06:14 [  INFO  ] __main__:50 | After potion:  HP = 10/10
2025-05-30 17:06:14 [  INFO  ] __main__:53 | Character: Aria
Level: 1  Experience: 0
Class: Base
--------------------
Attack: 12
Defense: 5
Speed: 4
Health: 10/10
Mana: 10/10
Stamina: 15/15
--------------------
Aria's Inventory:
  Health Potion (x1)
  Iron Sword (x5)
    - Equipped in: weapon
2025-05-30 17:06:29 [  INFO  ] __main__:48 | Before potion: HP = 5/10
2025-05-30 17:06:29 [  INFO  ] __main__:50 | After potion:  HP = 10/10
2025-05-30 17:06:29 [  INFO  ] __main__:53 | Character: Aria
Level: 1  Experience: 0
Class: Base
--------------------
Attack: 8
Defense: 5
Speed: 4
Health: 10/10
Mana: 10/10
Stamina: 15/15
--------------------
Aria's Inventory:
  Health Potion (x1)
  Iron Sword (x5)
    - Equipped in: weapon
2025-05-30 17:07:06 [  INFO  ] __main__:48 | Before potion: HP = 5/10
2025-05-30 17:07:06 [  INFO  ] __main__:50 | After potion:  HP = 10/10
2025-05-30 17:07:06 [  INFO  ] __main__:53 | Character: Aria
Level: 1  Experience: 0
Class: Base
--------------------
Attack: 9
Defense: 5
Speed: 4
Health: 10/10
Mana: 10/10
Stamina: 15/15
--------------------
Aria's Inventory:
  Health Potion (x2)
2025-05-30 17:07:36 [  INFO  ] __main__:48 | Before potion: HP = 5/10
2025-05-30 17:07:36 [  INFO  ] __main__:50 | After potion:  HP = 10/10
2025-05-30 17:07:36 [  INFO  ] __main__:53 | Character: Aria
Level: 1  Experience: 0
Class: Base
--------------------
Attack: 12
Defense: 5
Speed: 4
Health: 10/10
Mana: 10/10
Stamina: 15/15
--------------------
Aria's Inventory:
  Health Potion (x2)
2025-05-30 17:07:44 [  INFO  ] __main__:48 | Before potion: HP = 5/10
2025-05-30 17:07:44 [  INFO  ] __main__:50 | After potion:  HP = 10/10
2025-05-30 17:07:44 [  INFO  ] __main__:53 | Character: Aria
Level: 1  Experience: 0
Class: Base
--------------------
Attack: 8
Defense: 5
Speed: 4
Health: 10/10
Mana: 10/10
Stamina: 15/15
--------------------
Aria's Inventory:
  Health Potion (x1)
  Iron Sword (x1)
    - Equipped in: weapon
2025-05-30 17:08:04 [  INFO  ] __main__:48 | Before potion: HP = 5/10
2025-05-30 17:08:04 [  INFO  ] __main__:50 | After potion:  HP = 10/10
2025-05-30 17:08:04 [  INFO  ] __main__:53 | Character: Aria
Level: 1  Experience: 0
Class: Base
--------------------
Attack: 12
Defense: 5
Speed: 4
Health: 10/10
Mana: 10/10
Stamina: 15/15
--------------------
Aria's Inventory:
  Health Potion (x2)
2025-05-30 17:08:12 [  INFO  ] __main__:48 | Before potion: HP = 5/10
2025-05-30 17:08:12 [  INFO  ] __main__:50 | After potion:  HP = 10/10
2025-05-30 17:08:12 [  INFO  ] __main__:53 | Character: Aria
Level: 1  Experience: 0
Class: Base
--------------------
Attack: 10
Defense: 5
Speed: 4
Health: 10/10
Mana: 10/10
Stamina: 15/15
--------------------
Aria's Inventory:
  Iron Sword (x9)
    - Equipped in: weapon
  Health Potion (x2)
2025-05-30 17:08:17 [  INFO  ] __main__:48 | Before potion: HP = 5/10
2025-05-30 17:08:17 [  INFO  ] __main__:50 | After potion:  HP = 10/10
2025-05-30 17:08:17 [  INFO  ] __main__:53 | Character: Aria
Level: 1  Experience: 0
Class: Base
--------------------
Attack: 9
Defense: 5
Speed: 4
Health: 10/10
Mana: 10/10
Stamina: 15/15
--------------------
Aria's Inventory:
  Health Potion (x2)
2025-05-30 17:08:28 [  INFO  ] __main__:48 | Before potion: HP = 5/10
2025-05-30 17:08:28 [  INFO  ] __main__:50 | After potion:  HP = 10/10
2025-05-30 17:08:28 [  INFO  ] __main__:53 | Character: Aria
Level: 1  Experience: 0
Class: Base
--------------------
Attack: 9
Defense: 5
Speed: 4
Health: 10/10
Mana: 10/10
Stamina: 15/15
--------------------
Aria's Inventory:
  Iron Sword (x1)
    - Equipped in: weapon
  Health Potion (x2)
2025-05-30 17:08:36 [  INFO  ] __main__:48 | Before potion: HP = 5/10
2025-05-30 17:08:36 [  INFO  ] __main__:50 | After potion:  HP = 10/10
2025-05-30 17:08:36 [  INFO  ] __main__:53 | Character: Aria
Level: 1  Experience: 0
Class: Base
--------------------
Attack: 8
Defense: 5
Speed: 4
Health: 10/10
Mana: 10/10
Stamina: 15/15
--------------------
Aria's Inventory:
  Health Potion (x2)
2025-05-30 17:08:43 [  INFO  ] __main__:48 | Before potion: HP = 5/10
2025-05-30 17:08:43 [  INFO  ] __main__:50 | After potion:  HP = 10/10
2025-05-30 17:08:43 [  INFO  ] __main__:53 | Character: Aria
Level: 1  Experience: 0
Class: Base
--------------------
Attack: 11
Defense: 5
Speed: 4
Health: 10/10
Mana: 10/10
Stamina: 15/15
--------------------
Aria's Inventory:
  Leather Armor (x1)
    - Equipped in: armor
  Health Potion (x2)
2025-05-30 17:08:49 [  INFO  ] __main__:48 | Before potion: HP = 5/10
2025-05-30 17:08:49 [  INFO  ] __main__:50 | After potion:  HP = 10/10
2025-05-30 17:08:49 [  INFO  ] __main__:53 | Character: Aria
Level: 1  Experience: 0
Class: Base
--------------------
Attack: 8
Defense: 5
Speed: 4
Health: 10/10
Mana: 10/10
Stamina: 15/15
--------------------
Aria's Inventory:
  Health Potion (x2)
2025-05-30 17:09:27 [  INFO  ] __main__:48 | Before potion: HP = 5/10
2025-05-30 17:09:27 [  INFO  ] __main__:50 | After potion:  HP = 10/10
2025-05-30 17:09:27 [  INFO  ] __main__:53 | Character: Aria
Level: 1  Experience: 0
Class: Base
--------------------
Attack: 11
Defense: 5
Speed: 4
Health: 10/10
Mana: 10/10
Stamina: 15/15
--------------------
Aria's Inventory:
  Health Potion (x1)
  Emerald Loop (x1)
2025-05-30 17:09:36 [  INFO  ] __main__:48 | Before potion: HP = 5/10
2025-05-30 17:09:36 [  INFO  ] __main__:50 | After potion:  HP = 10/10
2025-05-30 17:09:36 [  INFO  ] __main__:53 | Character: Aria
Level: 1  Experience: 0
Class: Base
--------------------
Attack: 10
Defense: 8
Speed: 4
Health: 10/10
Mana: 10/10
Stamina: 15/15
--------------------
Aria's Inventory:
  Health Potion (x1)
  Emerald Loop (x1)
    - Equipped in: ring
2025-05-30 17:10:20 [  INFO  ] __main__:48 | Before potion: HP = 5/10
2025-05-30 17:10:20 [  INFO  ] __main__:50 | After potion:  HP = 10/10
2025-05-30 17:10:20 [  INFO  ] __main__:53 | Character: Aria
Level: 1  Experience: 0
Class: Base
--------------------
Attack: 11
Defense: 8
Speed: 4
Health: 10/10
Mana: 10/10
Stamina: 15/15
--------------------
Aria's Inventory:
  Iron Sword (x1)
    - Equipped in: weapon
  Health Potion (x1)
  Emerald Loop (x1)
    - Equipped in: ring
2025-05-30 17:10:28 [  INFO  ] __main__:48 | Before potion: HP = 5/10
2025-05-30 17:10:28 [  INFO  ] __main__:50 | After potion:  HP = 10/10
2025-05-30 17:10:28 [  INFO  ] __main__:53 | Character: Aria
Level: 1  Experience: 0
Class: Base
--------------------
Attack: 10
Defense: 8
Speed: 4
Health: 10/10
Mana: 10/10
Stamina: 15/15
--------------------
Aria's Inventory:
  Health Potion (x1)
  Emerald Loop (x1)
    - Equipped in: ring
2025-05-30 17:10:43 [  INFO  ] __main__:48 | Before potion: HP = 5/10
2025-05-30 17:10:43 [  INFO  ] __main__:50 | After potion:  HP = 10/10
2025-05-30 17:10:43 [  INFO  ] __main__:53 | Character: Aria
Level: 1  Experience: 0
Class: Base
--------------------
Attack: 12
Defense: 8
Speed: 4
Health: 10/10
Mana: 10/10
Stamina: 15/15
--------------------
Aria's Inventory:
  Health Potion (x1)
  Emerald Loop (x1)
    - Equipped in: ring
2025-05-30 17:11:42 [  INFO  ] __main__:48 | Before potion: HP = 5/10
2025-05-30 17:11:42 [  INFO  ] __main__:50 | After potion:  HP = 10/10
2025-05-30 17:11:42 [  INFO  ] __main__:53 | Character: Aria
Level: 1  Experience: 0
Class: Base
--------------------
Attack: 9
Defense: 8
Speed: 4
Health: 10/10
Mana: 10/10
Stamina: 15/15
--------------------
Aria's Inventory:
  Health Potion (x2)
  Emerald Loop (x1)
    - Equipped in: ring
2025-05-30 17:13:58 [  INFO  ] __main__:48 | Before potion: HP = 5/10
2025-05-30 17:13:58 [  INFO  ] __main__:50 | After potion:  HP = 10/10
2025-05-30 17:13:58 [  INFO  ] __main__:53 | Character: Aria
Level: 1  Experience: 0
Class: Base
--------------------
Attack: 12
Defense: 8
Speed: 4
Health: 10/10
Mana: 10/10
Stamina: 15/15
--------------------
Aria's Inventory:
  Health Potion (x1)
  Emerald Loop (x1)

Equipped:
  weapon: (none)
  shield: (none)
  offhand: (none)
  armor: (none)
  amulet: (none)
  ring: Emerald Loop
  boots: (none)
  consumable: (none)
2025-05-30 17:14:15 [  INFO  ] __main__:48 | Before potion: HP = 5/10
2025-05-30 17:14:15 [  INFO  ] __main__:50 | After potion:  HP = 10/10
2025-05-30 17:14:15 [  INFO  ] __main__:53 | Character: Aria
Level: 1  Experience: 0
Class: Base
--------------------
Attack: 12
Defense: 8
Speed: 4
Health: 10/10
Mana: 10/10
Stamina: 15/15
--------------------
Aria's Inventory:
  Health Potion (x1)
  Emerald Loop (x1)

Equipped:
  weapon: (none)
  shield: (none)
  offhand: (none)
  armor: (none)
  amulet: (none)
  ring: Emerald Loop
  boots: (none)
  consumable: (none)
2025-05-30 17:14:43 [  INFO  ] __main__:48 | Before potion: HP = 5/10
2025-05-30 17:14:43 [  INFO  ] __main__:50 | After potion:  HP = 10/10
2025-05-30 17:14:43 [  INFO  ] __main__:53 | Character: Aria
Level: 1  Experience: 0
Class: Base
--------------------
Attack: 9
Defense: 8
Speed: 4
Health: 10/10
Mana: 10/10
Stamina: 15/15
--------------------
Aria's Inventory:
  Health Potion (x1)
  Emerald Loop (x1)

Equipped:
  weapon: (none)
  shield: (none)
  offhand: (none)
  armor: (none)
  amulet: (none)
  ring: Emerald Loop
  boots: (none)
  consumable: (none)
2025-05-30 17:14:59 [  INFO  ] __main__:48 | Before potion: HP = 5/10
2025-05-30 17:14:59 [  INFO  ] __main__:50 | After potion:  HP = 10/10
2025-05-30 17:14:59 [  INFO  ] __main__:53 | Character: Aria
Level: 1  Experience: 0
Class: Base
--------------------
Attack: 12
Defense: 8
Speed: 4
Health: 10/10
Mana: 10/10
Stamina: 15/15
--------------------
Aria's Inventory:
  Iron Sword (x1)
  Health Potion (x1)
  Emerald Loop (x1)

Equipped:
  weapon: Iron Sword
  shield: (none)
  offhand: (none)
  armor: (none)
  amulet: (none)
  ring: Emerald Loop
  boots: (none)
  consumable: (none)
2025-05-30 17:15:09 [  INFO  ] __main__:48 | Before potion: HP = 5/10
2025-05-30 17:15:09 [  INFO  ] __main__:50 | After potion:  HP = 10/10
2025-05-30 17:15:09 [  INFO  ] __main__:53 | Character: Aria
Level: 1  Experience: 0
Class: Base
--------------------
Attack: 11
Defense: 8
Speed: 4
Health: 10/10
Mana: 10/10
Stamina: 15/15
--------------------
Aria's Inventory:
  Health Potion (x1)
  Emerald Loop (x1)

Equipped:
  weapon: (none)
  shield: (none)
  offhand: (none)
  armor: (none)
  amulet: (none)
  ring: Emerald Loop
  boots: (none)
  consumable: (none)
2025-05-30 17:16:30 [  INFO  ] __main__:48 | Before potion: HP = 5/10
2025-05-30 17:16:30 [  INFO  ] __main__:50 | After potion:  HP = 10/10
2025-05-30 17:16:30 [  INFO  ] __main__:53 | Character: Aria
Level: 1  Experience: 0
Class: Base
--------------------
Attack: 10
Defense: 8
Speed: 4
Health: 10/10
Mana: 10/10
Stamina: 15/15
--------------------
Aria's Inventory:
  Iron Sword (x1)
  Health Potion (x1)
  Emerald Loop (x1)

Equipped:
  weapon: Iron Sword
  shield: (none)
  offhand: (none)
  armor: (none)
  amulet: (none)
  ring: Emerald Loop
  boots: (none)
  consumable: (none)
2025-05-30 17:16:44 [  INFO  ] __main__:48 | Before potion: HP = 5/10
2025-05-30 17:16:44 [  INFO  ] __main__:50 | After potion:  HP = 10/10
2025-05-30 17:16:44 [  INFO  ] __main__:53 | Character: Aria
Level: 1  Experience: 0
Class: Base
--------------------
Attack: 5
Defense: 8
Speed: 4
Health: 10/10
Mana: 10/10
Stamina: 15/15
--------------------
Aria's Inventory:
  Iron Sword (x2)
  Health Potion (x1)
  Emerald Loop (x1)

Equipped:
  weapon: (none)
  shield: (none)
  offhand: (none)
  armor: (none)
  amulet: (none)
  ring: Emerald Loop
  boots: (none)
  consumable: (none)
2025-05-30 17:16:52 [  INFO  ] __main__:48 | Before potion: HP = 5/10
2025-05-30 17:16:52 [  INFO  ] __main__:50 | After potion:  HP = 10/10
2025-05-30 17:16:52 [  INFO  ] __main__:53 | Character: Aria
Level: 1  Experience: 0
Class: Base
--------------------
Attack: 5
Defense: 8
Speed: 4
Health: 10/10
Mana: 10/10
Stamina: 15/15
--------------------
Aria's Inventory:
  Iron Sword (x1)
  Health Potion (x1)
  Emerald Loop (x1)

Equipped:
  weapon: (none)
  shield: (none)
  offhand: (none)
  armor: (none)
  amulet: (none)
  ring: Emerald Loop
  boots: (none)
  consumable: (none)
2025-05-30 17:16:59 [  INFO  ] __main__:48 | Before potion: HP = 5/10
2025-05-30 17:16:59 [  INFO  ] __main__:50 | After potion:  HP = 10/10
2025-05-30 17:16:59 [  INFO  ] __main__:53 | Character: Aria
Level: 1  Experience: 0
Class: Base
--------------------
Attack: 10
Defense: 8
Speed: 4
Health: 10/10
Mana: 10/10
Stamina: 15/15
--------------------
Aria's Inventory:
  Health Potion (x1)
  Emerald Loop (x1)

Equipped:
  weapon: (none)
  shield: (none)
  offhand: (none)
  armor: (none)
  amulet: (none)
  ring: Emerald Loop
  boots: (none)
  consumable: (none)
2025-05-30 17:18:01 [  INFO  ] __main__:48 | Before potion: HP = 5/10
2025-05-30 17:18:01 [  INFO  ] __main__:50 | After potion:  HP = 10/10
2025-05-30 17:18:01 [  INFO  ] __main__:53 | Character: Aria
Level: 1  Experience: 0
Class: Base
--------------------
Attack: 5
Defense: 8
Speed: 4
Health: 10/10
Mana: 10/10
Stamina: 15/15
--------------------
Aria's Inventory:
  Iron Sword (x1)
  Health Potion (x1)
  Emerald Loop (x1)

Equipped:
  weapon: (none)
  shield: (none)
  offhand: (none)
  armor: (none)
  amulet: (none)
  ring: Emerald Loop
  boots: (none)
  consumable: (none)
2025-05-30 17:18:06 [  INFO  ] __main__:48 | Before potion: HP = 5/10
2025-05-30 17:18:06 [  INFO  ] __main__:50 | After potion:  HP = 10/10
2025-05-30 17:18:06 [  INFO  ] __main__:53 | Character: Aria
Level: 1  Experience: 0
Class: Base
--------------------
Attack: 12
Defense: 8
Speed: 4
Health: 10/10
Mana: 10/10
Stamina: 15/15
--------------------
Aria's Inventory:
  Health Potion (x1)
  Emerald Loop (x1)

Equipped:
  weapon: (none)
  shield: (none)
  offhand: (none)
  armor: (none)
  amulet: (none)
  ring: Emerald Loop
  boots: (none)
  consumable: (none)
2025-05-30 17:21:39 [  INFO  ] __main__:48 | Before potion: HP = 5/10
2025-05-30 17:21:39 [  INFO  ] __main__:50 | After potion:  HP = 10/10
2025-05-30 17:21:39 [  INFO  ] __main__:53 | Character: Aria
Level: 1  Experience: 0
Class: Base
--------------------
Attack: 12
Defense: 8
Speed: 4
Health: 10/10
Mana: 10/10
Stamina: 15/15
--------------------
Aria's Inventory:
  Health Potion (x1)
  Emerald Loop (x1)

Equipped:
  weapon: Iron Sword
  shield: (none)
  offhand: (none)
  armor: Leather Armor
  amulet: (none)
  ring: Emerald Loop
  boots: (none)
  consumable: (none)
2025-05-30 17:21:52 [  INFO  ] __main__:48 | Before potion: HP = 5/10
2025-05-30 17:21:52 [  INFO  ] __main__:50 | After potion:  HP = 10/10
2025-05-30 17:21:52 [  INFO  ] __main__:53 | Character: Aria
Level: 1  Experience: 0
Class: Base
--------------------
Attack: 12
Defense: 8
Speed: 4
Health: 10/10
Mana: 10/10
Stamina: 15/15
--------------------
Aria's Inventory:
  Iron Sword (x1)
  Health Potion (x1)
  Emerald Loop (x1)

Equipped:
  weapon: Iron Sword
  shield: (none)
  offhand: (none)
  armor: Leather Armor
  amulet: (none)
  ring: Emerald Loop
  boots: (none)
  consumable: (none)
2025-05-30 17:21:59 [  INFO  ] __main__:48 | Before potion: HP = 5/10
2025-05-30 17:21:59 [  INFO  ] __main__:50 | After potion:  HP = 10/10
2025-05-30 17:21:59 [  INFO  ] __main__:53 | Character: Aria
Level: 1  Experience: 0
Class: Base
--------------------
Attack: 10
Defense: 8
Speed: 4
Health: 10/10
Mana: 10/10
Stamina: 15/15
--------------------
Aria's Inventory:
  Health Potion (x1)
  Emerald Loop (x1)

Equipped:
  weapon: Iron Sword
  shield: (none)
  offhand: (none)
  armor: Leather Armor
  amulet: (none)
  ring: Emerald Loop
  boots: (none)
  consumable: (none)
2025-05-30 17:22:09 [  INFO  ] __main__:48 | Before potion: HP = 5/10
2025-05-30 17:22:09 [  INFO  ] __main__:50 | After potion:  HP = 10/10
2025-05-30 17:22:09 [  INFO  ] __main__:53 | Character: Aria
Level: 1  Experience: 0
Class: Base
--------------------
Attack: 12
Defense: 8
Speed: 4
Health: 10/10
Mana: 10/10
Stamina: 15/15
--------------------
Aria's Inventory:
  Leather Armor (x1)
  Health Potion (x1)
  Emerald Loop (x1)

Equipped:
  weapon: Iron Sword
  shield: (none)
  offhand: (none)
  armor: Leather Armor
  amulet: (none)
  ring: Emerald Loop
  boots: (none)
  consumable: (none)
2025-05-30 17:22:33 [  INFO  ] __main__:48 | Before potion: HP = 5/10
2025-05-30 17:22:33 [  INFO  ] __main__:50 | After potion:  HP = 10/10
2025-05-30 17:22:33 [  INFO  ] __main__:53 | Character: Aria
Level: 1  Experience: 0
Class: Base
--------------------
Attack: 10
Defense: 8
Speed: 4
Health: 10/10
Mana: 10/10
Stamina: 15/15
--------------------
Aria's Inventory:
  Health Potion (x1)
  Emerald Loop (x1)

Equipped:
  weapon: Iron Sword
  shield: (none)
  offhand: (none)
  armor: Leather Armor
  amulet: (none)
  ring: Emerald Loop
  boots: (none)
  consumable: (none)
2025-05-30 17:22:50 [  INFO  ] game_sys.core.encounter:55 | Hero deals 5 damage.
2025-05-30 17:22:50 [  INFO  ] game_sys.core.encounter:55 | Goblin deals 3 damage.
2025-05-30 17:22:50 [  INFO  ] game_sys.core.encounter:55 | Goblin deals 3 damage.
2025-05-30 17:22:50 [  INFO  ] game_sys.core.encounter:55 | Hero deals 5 damage.
2025-05-30 17:22:50 [  INFO  ] game_sys.core.encounter:55 | Goblin deals 6 damage. Critical Hit!
2025-05-30 17:22:50 [  INFO  ] game_sys.core.encounter:59 | Hero has fallen!
2025-05-30 17:22:50 [  INFO  ] __main__:17 | 
Combat result: 
Enemies win!
2025-05-30 17:23:04 [  INFO  ] game_sys.core.encounter:55 | Hero deals 6 damage.
2025-05-30 17:23:04 [  INFO  ] game_sys.core.encounter:55 | Goblin deals 3 damage.
2025-05-30 17:23:04 [  INFO  ] game_sys.core.encounter:55 | Goblin deals 2 damage.
2025-05-30 17:23:04 [  INFO  ] game_sys.core.encounter:55 | Hero deals 4 damage.
2025-05-30 17:23:04 [  INFO  ] game_sys.core.encounter:55 | Goblin deals 2 damage.
2025-05-30 17:23:04 [  INFO  ] game_sys.core.encounter:55 | Goblin deals 3 damage.
2025-05-30 17:23:04 [  INFO  ] game_sys.core.encounter:59 | Hero has fallen!
2025-05-30 17:23:04 [  INFO  ] __main__:17 | 
Combat result: 
Enemies win!
2025-05-30 17:23:15 [  INFO  ] __main__:22 | Character: Hero
Level: 1  Experience: 0
Class: Knight
--------------------
Attack: 13
Defense: 9
Speed: 3
Health: 10/10
Mana: 2/2
Stamina: 5/5
--------------------
Hero's Inventory:
  Iron Sword (x1)
  Leather Armor (x1)
  Ruby Band (x1)

Equipped:
  weapon: Iron Sword
  shield: (none)
  offhand: (none)
  armor: Leather Armor
  amulet: (none)
  ring: Ruby Band
  boots: (none)
  consumable: (none)
2025-05-30 17:23:44 [  INFO  ] __main__:22 | Character: Hero
Level: 1  Experience: 0
Class: Mage
--------------------
Attack: 4
Defense: 3
Speed: 5
Health: 6/6
Mana: 10/10
Stamina: 3/3
--------------------
Hero's Inventory:
  Mana Potion (x1)
  Ruby Band (x1)

Equipped:
  weapon: (none)
  shield: (none)
  offhand: (none)
  armor: (none)
  amulet: (none)
  ring: Ruby Band
  boots: (none)
  consumable: (none)
2025-05-30 17:23:53 [  INFO  ] __main__:22 | Character: Hero
Level: 1  Experience: 0
Class: Knight
--------------------
Attack: 13
Defense: 9
Speed: 3
Health: 10/10
Mana: 2/2
Stamina: 5/5
--------------------
Hero's Inventory:
  Iron Sword (x1)
  Leather Armor (x1)
  Ruby Band (x1)

Equipped:
  weapon: Iron Sword
  shield: (none)
  offhand: (none)
  armor: Leather Armor
  amulet: (none)
  ring: Ruby Band
  boots: (none)
  consumable: (none)
2025-05-30 17:24:09 [  INFO  ] __main__:22 | Character: Hero
Level: 1  Experience: 0
Class: Mage
--------------------
Attack: 4
Defense: 3
Speed: 5
Health: 6/6
Mana: 10/10
Stamina: 3/3
--------------------
Hero's Inventory:
  Mana Potion (x1)
  Ruby Band (x1)

Equipped:
  weapon: (none)
  shield: (none)
  offhand: (none)
  armor: (none)
  amulet: (none)
  ring: Ruby Band
  boots: (none)
  consumable: (none)
2025-05-30 17:24:18 [  INFO  ] __main__:22 | Character: Hero
Level: 1  Experience: 0
Class: Rogue
--------------------
Attack: 9
Defense: 6
Speed: 8
Health: 8/8
Mana: 3/3
Stamina: 6/6
--------------------
Hero's Inventory:
  Iron Sword (x1)
  Emerald Loop (x1)

Equipped:
  weapon: Iron Sword
  shield: (none)
  offhand: (none)
  armor: (none)
  amulet: (none)
  ring: Emerald Loop
  boots: (none)
  consumable: (none)
2025-05-30 17:40:28 [  INFO  ] __main__:22 | Character: Hero
Level: 1  Experience: 0
Class: Rogue
--------------------
Attack: 10
Defense: 6
Speed: 8
Health: 8/8
Mana: 3/3
Stamina: 6/6
--------------------
Hero's Inventory:
  Iron Sword (x1)
  Emerald Loop (x1)

Equipped:
  weapon: Iron Sword
  shield: (none)
  offhand: (none)
  armor: (none)
  amulet: (none)
  ring: Emerald Loop
  boots: (none)
  consumable: (none)
2025-05-30 17:53:34 [  INFO  ] __main__:21 | Character: Hero
Level: 1  Experience: 0
Class: Rogue
--------------------
Attack: 9
Defense: 6
Speed: 8
Health: 8/8
Mana: 3/3
Stamina: 6/6
--------------------
Hero's Inventory:
  Iron Sword (x1)
  Emerald Loop (x1)

Equipped:
  weapon: Iron Sword
  shield: (none)
  offhand: (none)
  armor: (none)
  amulet: (none)
  ring: Emerald Loop
  boots: (none)
  consumable: (none)
2025-05-30 17:53:50 [  INFO  ] game_sys.core.encounter:55 | Hero deals 6 damage.
2025-05-30 17:53:50 [  INFO  ] game_sys.core.encounter:55 | Goblin deals 3 damage.
2025-05-30 17:53:50 [  INFO  ] game_sys.core.encounter:55 | Goblin deals 3 damage.
2025-05-30 17:53:50 [  INFO  ] game_sys.core.encounter:55 | Hero deals 5 damage.
2025-05-30 17:53:50 [  INFO  ] game_sys.core.encounter:55 | Goblin deals 3 damage.
2025-05-30 17:53:50 [  INFO  ] game_sys.core.encounter:55 | Goblin deals 3 damage.
2025-05-30 17:53:50 [  INFO  ] game_sys.core.encounter:59 | Hero has fallen!
2025-05-30 17:53:50 [  INFO  ] __main__:16 | 
Combat result: 
Enemies win!
2025-05-30 17:54:04 [  INFO  ] game_sys.core.encounter:55 | Hero deals 5 damage.
2025-05-30 17:54:04 [  INFO  ] game_sys.core.encounter:55 | Goblin deals 3 damage.
2025-05-30 17:54:04 [  INFO  ] game_sys.core.encounter:55 | Goblin deals 3 damage.
2025-05-30 17:54:04 [  INFO  ] game_sys.core.encounter:55 | Hero deals 6 damage.
2025-05-30 17:54:04 [  INFO  ] game_sys.core.encounter:55 | Goblin deals 2 damage.
2025-05-30 17:54:04 [  INFO  ] game_sys.core.encounter:55 | Goblin deals 3 damage.
2025-05-30 17:54:04 [  INFO  ] game_sys.core.encounter:59 | Hero has fallen!
2025-05-30 17:54:04 [  INFO  ] __main__:16 | 
Combat result: 
Enemies win!
2025-05-30 17:54:14 [  INFO  ] game_sys.core.encounter:55 | Hero deals 5 damage.
2025-05-30 17:54:14 [  INFO  ] game_sys.core.encounter:55 | Goblin deals 2 damage.
2025-05-30 17:54:14 [  INFO  ] game_sys.core.encounter:55 | Goblin deals 3 damage.
2025-05-30 17:54:14 [  INFO  ] game_sys.core.encounter:55 | Hero deals 5 damage.
2025-05-30 17:54:14 [  INFO  ] game_sys.core.encounter:55 | Goblin deals 2 damage.
2025-05-30 17:54:14 [  INFO  ] game_sys.core.encounter:55 | Goblin deals 3 damage.
2025-05-30 17:54:14 [  INFO  ] game_sys.core.encounter:59 | Hero has fallen!
2025-05-30 17:54:14 [  INFO  ] __main__:16 | 
Combat result: 
Enemies win!
2025-05-30 17:54:40 [  INFO  ] game_sys.core.encounter:55 | Hero deals 6 damage.
2025-05-30 17:54:40 [  INFO  ] game_sys.core.encounter:55 | Goblin deals 3 damage.
2025-05-30 17:54:40 [  INFO  ] game_sys.core.encounter:55 | Goblin deals 3 damage.
2025-05-30 17:54:40 [  INFO  ] game_sys.core.encounter:55 | Hero deals 6 damage.
2025-05-30 17:54:40 [  INFO  ] game_sys.core.encounter:59 | Goblin has fallen!
2025-05-30 17:54:40 [  INFO  ] game_sys.core.encounter:55 | Hero deals 6 damage.
2025-05-30 17:54:40 [  INFO  ] game_sys.core.encounter:59 | Goblin has fallen!
2025-05-30 17:54:40 [  INFO  ] __main__:16 | 
Combat result: 
Hero's Party wins!
2025-05-30 17:54:40 [  INFO  ] __main__:17 | Character: Hero
Level: 50  Experience: 0
Class: Base
--------------------
Attack: 5
Defense: 3
Speed: 4
Health: 4/10
Mana: 10/10
Stamina: 15/15
--------------------
Hero's Inventory:
  (empty)

Equipped:
  weapon: (none)
  shield: (none)
  offhand: (none)
  armor: (none)
  amulet: (none)
  ring: (none)
  boots: (none)
  consumable: (none)
2025-05-30 17:58:29 [  INFO  ] game_sys.core.encounter:55 | Hero deals 4 damage.
2025-05-30 17:58:29 [  INFO  ] game_sys.core.encounter:55 | Goblin deals 3 damage.
2025-05-30 17:58:29 [  INFO  ] game_sys.core.encounter:55 | Goblin deals 3 damage.
2025-05-30 17:58:29 [  INFO  ] game_sys.core.encounter:55 | Hero deals 6 damage.
2025-05-30 17:58:29 [  INFO  ] game_sys.core.encounter:55 | Goblin deals 3 damage.
2025-05-30 17:58:29 [  INFO  ] game_sys.core.encounter:55 | Goblin deals 2 damage.
2025-05-30 17:58:29 [  INFO  ] game_sys.core.encounter:59 | Hero has fallen!
2025-05-30 17:58:29 [  INFO  ] __main__:16 | 
Combat result: 
Enemies win!
2025-05-30 17:58:29 [  INFO  ] __main__:17 | Character: Hero
Level: 1  Experience: 0
Class: Base
--------------------
Attack: 5
Defense: 3
Speed: 4
Health: 0/10
Mana: 10/10
Stamina: 15/15
--------------------
Hero's Inventory:
  (empty)

Equipped:
  weapon: (none)
  shield: (none)
  offhand: (none)
  armor: (none)
  amulet: (none)
  ring: (none)
  boots: (none)
  consumable: (none)
2025-05-30 17:58:51 [  INFO  ] game_sys.core.encounter:55 | Hero deals 6 damage.
2025-05-30 17:58:51 [  INFO  ] game_sys.core.encounter:55 | Goblin deals 3 damage.
2025-05-30 17:58:51 [  INFO  ] game_sys.core.encounter:55 | Goblin deals 2 damage.
2025-05-30 17:58:51 [  INFO  ] game_sys.core.encounter:55 | Hero deals 6 damage.
2025-05-30 17:58:51 [  INFO  ] game_sys.core.encounter:59 | Goblin has fallen!
2025-05-30 17:58:51 [  INFO  ] game_sys.core.encounter:55 | Hero deals 5 damage.
2025-05-30 17:58:51 [  INFO  ] game_sys.core.encounter:59 | Goblin has fallen!
2025-05-30 17:58:51 [  INFO  ] __main__:16 | 
Combat result: 
Hero's Party wins!
2025-05-30 17:58:51 [  INFO  ] __main__:17 | Character: Hero
Level: 1  Experience: 0
Class: Base
--------------------
Attack: 5
Defense: 3
Speed: 4
Health: 5/10
Mana: 10/10
Stamina: 15/15
--------------------
Hero's Inventory:
  (empty)

Equipped:
  weapon: (none)
  shield: (none)
  offhand: (none)
  armor: (none)
  amulet: (none)
  ring: (none)
  boots: (none)
  consumable: (none)
2025-05-30 18:06:27 [  INFO  ] game_sys.core.encounter:55 | Goblin deals 9 damage.
2025-05-30 18:06:27 [  INFO  ] game_sys.core.encounter:55 | Goblin deals 9 damage.
2025-05-30 18:06:27 [  INFO  ] game_sys.core.encounter:59 | Hero has fallen!
2025-05-30 18:06:27 [  INFO  ] __main__:16 | 
Combat result: 
Enemies win!
2025-05-30 18:06:27 [  INFO  ] __main__:17 | Character: Hero
Level: 1  Experience: 0
Class: Base
--------------------
Attack: 5
Defense: 5
Speed: 5
Health: 0/10
Mana: 5/5
Stamina: 5/5
--------------------
Hero's Inventory:
  (empty)

Equipped:
  weapon: (none)
  shield: (none)
  offhand: (none)
  armor: (none)
  amulet: (none)
  ring: (none)
  boots: (none)
  consumable: (none)
2025-05-30 18:06:58 [  INFO  ] game_sys.core.encounter:55 | Hero deals 43 damage.
2025-05-30 18:06:58 [  INFO  ] game_sys.core.encounter:59 | Goblin has fallen!
2025-05-30 18:06:58 [  INFO  ] game_sys.core.encounter:55 | Hero deals 59 damage.
2025-05-30 18:06:58 [  INFO  ] game_sys.core.encounter:59 | Goblin has fallen!
2025-05-30 18:06:58 [  INFO  ] __main__:16 | 
Combat result: 
Hero's Party wins!
2025-05-30 18:06:58 [  INFO  ] __main__:17 | Character: Hero
Level: 10  Experience: 0
Class: Base
--------------------
Attack: 50
Defense: 50
Speed: 50
Health: 100/100
Mana: 50/50
Stamina: 50/50
--------------------
Hero's Inventory:
  (empty)

Equipped:
  weapon: (none)
  shield: (none)
  offhand: (none)
  armor: (none)
  amulet: (none)
  ring: (none)
  boots: (none)
  consumable: (none)
2025-05-30 18:07:10 [  INFO  ] game_sys.core.encounter:55 | Hero deals 11 damage.
2025-05-30 18:07:10 [  INFO  ] game_sys.core.encounter:55 | Goblin deals 11 damage.
2025-05-30 18:07:10 [  INFO  ] game_sys.core.encounter:55 | Goblin deals 10 damage.
2025-05-30 18:07:10 [  INFO  ] game_sys.core.encounter:59 | Hero has fallen!
2025-05-30 18:07:10 [  INFO  ] __main__:16 | 
Combat result: 
Enemies win!
2025-05-30 18:07:10 [  INFO  ] __main__:17 | Character: Hero
Level: 2  Experience: 0
Class: Base
--------------------
Attack: 10
Defense: 10
Speed: 10
Health: 0/20
Mana: 10/10
Stamina: 10/10
--------------------
Hero's Inventory:
  (empty)

Equipped:
  weapon: (none)
  shield: (none)
  offhand: (none)
  armor: (none)
  amulet: (none)
  ring: (none)
  boots: (none)
  consumable: (none)
2025-05-30 18:07:47 [  INFO  ] game_sys.core.encounter:55 | Hero deals 10 damage.
2025-05-30 18:07:47 [  INFO  ] game_sys.core.encounter:55 | Goblin deals 8 damage.
2025-05-30 18:07:47 [  INFO  ] game_sys.core.encounter:55 | Goblin deals 10 damage.
2025-05-30 18:07:47 [  INFO  ] game_sys.core.encounter:55 | Hero deals 11 damage.
2025-05-30 18:07:47 [  INFO  ] game_sys.core.encounter:59 | Goblin has fallen!
2025-05-30 18:07:47 [  INFO  ] game_sys.core.encounter:55 | Hero deals 8 damage.
2025-05-30 18:07:47 [  INFO  ] game_sys.core.encounter:59 | Goblin has fallen!
2025-05-30 18:07:47 [  INFO  ] __main__:16 | 
Combat result: 
Hero's Party wins!
2025-05-30 18:07:47 [  INFO  ] __main__:17 | Character: Goblin
Level: 2  Experience: 0
Class: Base
--------------------
Attack: 10
Defense: 10
Speed: 10
Health: 0/20
Mana: 10/10
Stamina: 10/10
--------------------
Goblin's Inventory:
  (empty)

Equipped:
  weapon: (none)
  shield: (none)
  offhand: (none)
  armor: (none)
  amulet: (none)
  ring: (none)
  boots: (none)
  consumable: (none)
2025-05-30 18:08:06 [  INFO  ] game_sys.core.encounter:55 | Hero deals 16 damage. Critical Hit!
2025-05-30 18:08:06 [  INFO  ] game_sys.core.encounter:55 | Goblin deals 10 damage.
2025-05-30 18:08:06 [  INFO  ] game_sys.core.encounter:55 | Goblin deals 8 damage.
2025-05-30 18:08:06 [  INFO  ] game_sys.core.encounter:55 | Hero deals 10 damage.
2025-05-30 18:08:06 [  INFO  ] game_sys.core.encounter:59 | Goblin has fallen!
2025-05-30 18:08:06 [  INFO  ] game_sys.core.encounter:55 | Hero deals 8 damage.
2025-05-30 18:08:06 [  INFO  ] game_sys.core.encounter:59 | Goblin has fallen!
2025-05-30 18:08:06 [  INFO  ] __main__:16 | 
Combat result: 
Hero's Party wins!
2025-05-30 18:08:06 [  INFO  ] __main__:17 | Character: Hero
Level: 2  Experience: 0
Class: Base
--------------------
Attack: 10
Defense: 10
Speed: 10
Health: 2/20
Mana: 10/10
Stamina: 10/10
--------------------
Hero's Inventory:
  (empty)

Equipped:
  weapon: (none)
  shield: (none)
  offhand: (none)
  armor: (none)
  amulet: (none)
  ring: (none)
  boots: (none)
  consumable: (none)
2025-05-30 18:08:53 [  INFO  ] game_sys.core.encounter:55 | Hero deals 8 damage.
2025-05-30 18:08:53 [  INFO  ] game_sys.core.encounter:55 | Goblin deals 9 damage.
2025-05-30 18:08:53 [  INFO  ] game_sys.core.encounter:55 | Goblin deals 11 damage.
2025-05-30 18:08:53 [  INFO  ] game_sys.core.encounter:59 | Hero has fallen!
2025-05-30 18:08:53 [  INFO  ] __main__:16 | 
Combat result: 
Enemies win!
2025-05-30 18:08:53 [  INFO  ] __main__:17 | Character: Hero
Level: 2  Experience: 0
Class: Base
--------------------
Attack: 10
Defense: 10
Speed: 10
Health: 0/20
Mana: 10/10
Stamina: 10/10
--------------------
Hero's Inventory:
  (empty)

Equipped:
  weapon: (none)
  shield: (none)
  offhand: (none)
  armor: (none)
  amulet: (none)
  ring: (none)
  boots: (none)
  consumable: (none)
2025-05-30 18:09:47 [  INFO  ] game_sys.core.encounter:55 | Hero deals 9 damage.
2025-05-30 18:09:47 [  INFO  ] game_sys.core.encounter:55 | Goblin deals 22 damage. Critical Hit!
2025-05-30 18:09:47 [  INFO  ] game_sys.core.encounter:59 | Hero has fallen!
2025-05-30 18:09:47 [  INFO  ] __main__:16 | 
Combat result: 
Enemies win!
2025-05-30 18:09:47 [  INFO  ] __main__:17 | Character: Hero
Level: 2  Experience: 0
Class: Base
--------------------
Attack: 10
Defense: 10
Speed: 10
Health: 0/20
Mana: 10/10
Stamina: 10/10
--------------------
Hero's Inventory:
  (empty)

Equipped:
  weapon: (none)
  shield: (none)
  offhand: (none)
  armor: (none)
  amulet: (none)
  ring: (none)
  boots: (none)
  consumable: (none)
2025-05-30 18:09:53 [  INFO  ] game_sys.core.encounter:55 | Hero deals 11 damage.
2025-05-30 18:09:53 [  INFO  ] game_sys.core.encounter:55 | Goblin deals 10 damage.
2025-05-30 18:09:53 [  INFO  ] game_sys.core.encounter:55 | Goblin deals 11 damage.
2025-05-30 18:09:53 [  INFO  ] game_sys.core.encounter:59 | Hero has fallen!
2025-05-30 18:09:53 [  INFO  ] __main__:16 | 
Combat result: 
Enemies win!
2025-05-30 18:09:53 [  INFO  ] __main__:17 | Character: Hero
Level: 2  Experience: 0
Class: Base
--------------------
Attack: 10
Defense: 10
Speed: 10
Health: 0/20
Mana: 10/10
Stamina: 10/10
--------------------
Hero's Inventory:
  (empty)

Equipped:
  weapon: (none)
  shield: (none)
  offhand: (none)
  armor: (none)
  amulet: (none)
  ring: (none)
  boots: (none)
  consumable: (none)
2025-05-30 18:10:43 [  INFO  ] game_sys.core.encounter:55 | Hero deals 10 damage.
2025-05-30 18:10:43 [  INFO  ] game_sys.core.encounter:55 | Goblin deals 16 damage. Critical Hit!
2025-05-30 18:10:43 [  INFO  ] game_sys.core.encounter:55 | Goblin deals 17 damage. Critical Hit!
2025-05-30 18:10:43 [  INFO  ] game_sys.core.encounter:59 | Hero has fallen!
2025-05-30 18:10:43 [  INFO  ] __main__:16 | 
Combat result: 
Enemies win!
2025-05-30 18:10:43 [  INFO  ] __main__:17 | Character: Goblin
Level: 2  Experience: 0
Class: Base
--------------------
Attack: 10
Defense: 10
Speed: 10
Health: 10/20
Mana: 10/10
Stamina: 10/10
--------------------
Goblin's Inventory:
  (empty)

Equipped:
  weapon: (none)
  shield: (none)
  offhand: (none)
  armor: (none)
  amulet: (none)
  ring: (none)
  boots: (none)
  consumable: (none)
2025-05-30 18:12:24 [  INFO  ] game_sys.core.encounter:55 | Goblin deals 10 damage.
2025-05-30 18:12:24 [  INFO  ] game_sys.core.encounter:55 | Goblin deals 10 damage.
2025-05-30 18:12:24 [  INFO  ] game_sys.core.encounter:59 | Hero has fallen!
2025-05-30 18:12:24 [  INFO  ] __main__:16 | 
Combat result: 
Enemies win!
2025-05-30 18:12:24 [  INFO  ] __main__:17 | Character: Goblin
Level: 2  Experience: 0
Class: Base
--------------------
Attack: 10
Defense: 10
Speed: 10
Health: 20/20
Mana: 10/10
Stamina: 10/10
--------------------
Goblin's Inventory:
  (empty)

Equipped:
  weapon: (none)
  shield: (none)
  offhand: (none)
  armor: (none)
  amulet: (none)
  ring: (none)
  boots: (none)
  consumable: (none)
2025-05-30 18:12:38 [  INFO  ] game_sys.core.encounter:55 | Goblin deals 9 damage.
2025-05-30 18:12:38 [  INFO  ] game_sys.core.encounter:55 | Goblin deals 9 damage.
2025-05-30 18:12:38 [  INFO  ] game_sys.core.encounter:55 | Hero deals 13 damage.
2025-05-30 18:12:38 [  INFO  ] game_sys.core.encounter:55 | Goblin deals 9 damage.
2025-05-30 18:12:38 [  INFO  ] game_sys.core.encounter:59 | Hero has fallen!
2025-05-30 18:12:38 [  INFO  ] __main__:16 | 
Combat result: 
Enemies win!
2025-05-30 18:12:38 [  INFO  ] __main__:17 | Character: Hero
Level: 2  Experience: 0
Class: Knight
--------------------
Attack: 15
Defense: 16
Speed: 6
Health: 0/20
Mana: 4/4
Stamina: 10/10
--------------------
Hero's Inventory:
  Iron Sword (x1)
  Leather Armor (x1)
  Ruby Band (x1)

Equipped:
  weapon: Iron Sword
  shield: (none)
  offhand: (none)
  armor: Leather Armor
  amulet: (none)
  ring: Ruby Band
  boots: (none)
  consumable: (none)
2025-05-30 18:13:15 [  INFO  ] __main__:22 | Character: Hero
Level: 1  Experience: 0
Class: Rogue
--------------------
Attack: 7
Defense: 6
Speed: 8
Health: 8/8
Mana: 3/3
Stamina: 6/6
--------------------
Hero's Inventory:
  Iron Sword (x1)
  Emerald Loop (x1)

Equipped:
  weapon: Iron Sword
  shield: (none)
  offhand: (none)
  armor: (none)
  amulet: (none)
  ring: Emerald Loop
  boots: (none)
  consumable: (none)
2025-05-30 18:13:24 [  INFO  ] __main__:48 | Before potion: HP = 5/10
2025-05-30 18:13:24 [  INFO  ] __main__:50 | After potion:  HP = 10/10
2025-05-30 18:13:24 [  INFO  ] __main__:53 | Character: Aria
Level: 1  Experience: 0
Class: Base
--------------------
Attack: 12
Defense: 10
Speed: 5
Health: 10/10
Mana: 5/5
Stamina: 5/5
--------------------
Aria's Inventory:
  Health Potion (x1)
  Emerald Loop (x1)

Equipped:
  weapon: Iron Sword
  shield: (none)
  offhand: (none)
  armor: Leather Armor
  amulet: (none)
  ring: Emerald Loop
  boots: (none)
  consumable: (none)
2025-05-30 18:13:49 [  INFO  ] __main__:22 | Character: Hero
Level: 1  Experience: 0
Class: Rogue
--------------------
Attack: 7
Defense: 6
Speed: 8
Health: 8/8
Mana: 3/3
Stamina: 6/6
--------------------
Hero's Inventory:
  Iron Sword (x1)
  Emerald Loop (x1)

Equipped:
  weapon: Iron Sword
  shield: (none)
  offhand: (none)
  armor: (none)
  amulet: (none)
  ring: Emerald Loop
  boots: (none)
  consumable: (none)
2025-05-30 18:14:41 [  INFO  ] __main__:21 | Character: Aria
Level: 1  Experience: 0
Class: Rogue
--------------------
Attack: 10
Defense: 6
Speed: 8
Health: 8/8
Mana: 3/3
Stamina: 6/6
--------------------
Aria's Inventory:
  Iron Sword (x1)
  Emerald Loop (x1)

Equipped:
  weapon: Iron Sword
  shield: (none)
  offhand: (none)
  armor: (none)
  amulet: (none)
  ring: Emerald Loop
  boots: (none)
  consumable: (none)
2025-05-30 18:14:59 [  INFO  ] game_sys.core.encounter:55 | Goblin deals 20 damage. Critical Hit!
2025-05-30 18:14:59 [  INFO  ] game_sys.core.encounter:59 | Hero has fallen!
2025-05-30 18:14:59 [  INFO  ] __main__:16 | 
Combat result: 
Enemies win!
2025-05-30 18:14:59 [  INFO  ] __main__:17 | Character: Hero
Level: 2  Experience: 0
Class: Knight
--------------------
Attack: 19
Defense: 16
Speed: 6
Health: 0/20
Mana: 4/4
Stamina: 10/10
--------------------
Hero's Inventory:
  Iron Sword (x1)
  Leather Armor (x1)
  Ruby Band (x1)

Equipped:
  weapon: Iron Sword
  shield: (none)
  offhand: (none)
  armor: Leather Armor
  amulet: (none)
  ring: Ruby Band
  boots: (none)
  consumable: (none)
2025-05-30 18:15:22 [  INFO  ] game_sys.core.encounter:55 | Goblin deals 10 damage.
2025-05-30 18:15:22 [  INFO  ] game_sys.core.encounter:55 | Goblin deals 8 damage.
2025-05-30 18:15:22 [  INFO  ] game_sys.core.encounter:55 | Hero deals 20 damage.
2025-05-30 18:15:22 [  INFO  ] game_sys.core.encounter:59 | Goblin has fallen!
2025-05-30 18:15:22 [  INFO  ] game_sys.core.encounter:55 | Hero deals 23 damage.
2025-05-30 18:15:22 [  INFO  ] game_sys.core.encounter:59 | Goblin has fallen!
2025-05-30 18:15:22 [  INFO  ] __main__:16 | 
Combat result: 
Hero's Party wins!
2025-05-30 18:15:22 [  INFO  ] __main__:17 | Character: Hero
Level: 3  Experience: 0
Class: Knight
--------------------
Attack: 23
Defense: 23
Speed: 9
Health: 12/30
Mana: 6/6
Stamina: 15/15
--------------------
Hero's Inventory:
  Iron Sword (x1)
  Leather Armor (x1)
  Ruby Band (x1)

Equipped:
  weapon: Iron Sword
  shield: (none)
  offhand: (none)
  armor: Leather Armor
  amulet: (none)
  ring: Ruby Band
  boots: (none)
  consumable: (none)
2025-05-30 18:15:23 [  INFO  ] game_sys.core.encounter:55 | Goblin deals 17 damage. Critical Hit!
2025-05-30 18:15:23 [  INFO  ] game_sys.core.encounter:55 | Goblin deals 9 damage.
2025-05-30 18:15:23 [  INFO  ] game_sys.core.encounter:55 | Hero deals 23 damage.
2025-05-30 18:15:23 [  INFO  ] game_sys.core.encounter:59 | Goblin has fallen!
2025-05-30 18:15:23 [  INFO  ] game_sys.core.encounter:55 | Hero deals 37 damage. Critical Hit!
2025-05-30 18:15:23 [  INFO  ] game_sys.core.encounter:59 | Goblin has fallen!
2025-05-30 18:15:23 [  INFO  ] __main__:16 | 
Combat result: 
Hero's Party wins!
2025-05-30 18:15:23 [  INFO  ] __main__:17 | Character: Hero
Level: 3  Experience: 0
Class: Knight
--------------------
Attack: 20
Defense: 23
Speed: 9
Health: 4/30
Mana: 6/6
Stamina: 15/15
--------------------
Hero's Inventory:
  Iron Sword (x1)
  Leather Armor (x1)
  Ruby Band (x1)

Equipped:
  weapon: Iron Sword
  shield: (none)
  offhand: (none)
  armor: Leather Armor
  amulet: (none)
  ring: Ruby Band
  boots: (none)
  consumable: (none)
